{
  "RSpec": {
    "coverage": {
      "/home/ubuntu/workspace/tamucloset/app/helpers/pages_helper.rb": [
        0,
        0
      ],
      "/home/ubuntu/workspace/tamucloset/app/helpers/application_helper.rb": [
        0,
        0
      ],
      "/home/ubuntu/workspace/tamucloset/app/controllers/pages_controller.rb": [
        0,
        0,
        0,
        0,
        0,
        0,
        0,
        0,
        0,
        0,
        0,
        0,
        0,
        0,
        0,
        0,
        0,
        0,
        0,
        0,
        0,
        0,
        0,
        0,
        0,
        0,
        0,
        0
      ],
      "/home/ubuntu/workspace/tamucloset/app/controllers/application_controller.rb": [
        0,
        0,
        0,
        0,
        0
      ]
    },
    "timestamp": 1461523240
  },
  "Cucumber Features": {
    "coverage": {
      "/home/ubuntu/workspace/tamucloset/app/helpers/pages_helper.rb": [
        0,
        0
      ],
      "/home/ubuntu/workspace/tamucloset/app/helpers/application_helper.rb": [
        0,
        0
      ],
      "/home/ubuntu/workspace/tamucloset/app/controllers/pages_controller.rb": [
        0,
        0,
        0,
        0,
        0,
        0,
        0,
        0,
        0,
        0,
        0,
        0,
        0,
        0,
        0,
        0,
        0,
        0,
        0,
        0,
        0,
        0,
        0,
        0,
        0,
        0,
        0,
        0
      ],
      "/home/ubuntu/workspace/tamucloset/app/controllers/application_controller.rb": [
        0,
        0,
        0,
        0,
        0
      ]
    },
    "timestamp": 1461523272
  }
}
